{"level":"info","message":"Posts com sucesso","service":"user-service"}
{"level":"info","message":"Posts com sucesso","service":"user-service"}
{"level":"info","message":"Posts com sucesso","service":"user-service"}
{"level":"info","message":"Posts com sucesso","service":"user-service"}
{"level":"info","message":"Posts com sucesso","service":"user-service"}
{"level":"error","message":"Ops, alufma coisa deu errado","service":"user-service"}
{"level":"info","message":"Posts com sucesso","service":"user-service"}
{"level":"info","message":"Posts com sucesso","service":"user-service"}
{"level":"info","message":"Posts com sucesso","service":"user-service"}
{"level":"error","message":"Ops, alufma coisa deu errado","service":"user-service"}
{"level":"info","message":"Posts com sucesso","service":"user-service"}
{"level":"info","message":"Posts com sucesso","service":"user-service"}
{"level":"info","message":"Posts com sucesso","service":"user-service"}
{"level":"info","message":"Posts com sucesso","service":"user-service"}
{"level":"info","message":"Posts com sucesso","service":"user-service"}
{"level":"info","message":"Posts com sucesso","service":"user-service"}
{"level":"info","message":"Posts com sucesso","service":"user-service"}
{"level":"info","message":"Posts com sucesso","service":"user-service"}
{"level":"info","message":"Posts com sucesso","service":"user-service"}
{"level":"info","message":"Posts com sucesso","service":"user-service"}
{"level":"info","message":"Posts com sucesso","service":"user-service"}
{"level":"info","message":"Posts com sucesso","service":"user-service"}
{"level":"info","message":"Posts com sucesso","service":"user-service"}
{"level":"info","message":"Posts com sucesso","service":"user-service"}
{"level":"info","message":"Posts com sucesso","service":"user-service"}
{"level":"info","message":"Posts com sucesso","service":"user-service"}
{"level":"info","message":"Posts com sucesso","service":"user-service"}
{"level":"info","message":"Posts com sucesso","service":"user-service"}
{"level":"info","message":"Posts com sucesso","service":"user-service"}
{"level":"info","message":"Posts com sucesso","service":"user-service"}
{"level":"info","message":"Posts com sucesso","service":"user-service"}
{"level":"info","message":"Posts com sucesso","service":"user-service"}
{"level":"info","message":"Posts com sucesso","service":"user-service"}
{"level":"info","message":"Posts com sucesso","service":"user-service"}
{"level":"info","message":"Posts com sucesso","service":"user-service"}
{"level":"info","message":"Posts com sucesso","service":"user-service"}
{"level":"info","message":"Posts com sucesso","service":"user-service"}
{"level":"info","message":"Posts com sucesso","service":"user-service"}
{"level":"info","message":"Posts com sucesso","service":"user-service"}
{"level":"info","message":"Posts com sucesso","service":"user-service"}
{"level":"info","message":"Posts com sucesso","service":"user-service"}
{"level":"info","message":"Posts com sucesso","service":"user-service"}
{"level":"info","message":"Posts com sucesso","service":"user-service"}
{"level":"info","message":"Posts com sucesso","service":"user-service"}
{"level":"info","message":"Posts com sucesso","service":"user-service"}
{"level":"info","message":"Posts com sucesso","service":"user-service"}
{"level":"info","message":"Posts com sucesso","service":"user-service"}
{"level":"info","message":"Posts com sucesso","service":"user-service"}
{"level":"info","message":"Posts com sucesso","service":"user-service"}
{"level":"info","message":"Posts com sucesso","service":"user-service"}
{"level":"info","message":"Posts com sucesso","service":"user-service"}
{"level":"info","message":"Posts com sucesso","service":"user-service"}
{"level":"info","message":"Posts com sucesso","service":"user-service"}
{"level":"info","message":"Posts com sucesso","service":"user-service"}
{"level":"info","message":"Posts com sucesso","service":"user-service"}
{"level":"info","message":"Posts com sucesso","service":"user-service"}
{"level":"info","message":"Posts com sucesso","service":"user-service"}
{"level":"info","message":"Posts com sucesso","service":"user-service"}
{"level":"info","message":"Posts com sucesso","service":"user-service"}
{"level":"info","message":"Posts com sucesso","service":"user-service"}
{"level":"info","message":"Posts com sucesso","service":"user-service"}
{"level":"info","message":"Posts com sucesso","service":"user-service"}
{"level":"info","message":"Posts com sucesso","service":"user-service"}
{"level":"info","message":"Posts com sucesso","service":"user-service"}
{"level":"info","message":"Posts com sucesso","service":"user-service"}
{"level":"info","message":"Posts com sucesso","service":"user-service"}
{"level":"info","message":"Posts com sucesso","service":"user-service"}
{"level":"info","message":"Posts com sucesso","service":"user-service"}
{"level":"info","message":"Posts com sucesso","service":"user-service"}
{"level":"info","message":"Posts com sucesso","service":"user-service"}
{"level":"info","message":"Posts com sucesso","service":"user-service"}
{"level":"info","message":"Posts com sucesso","service":"user-service"}
{"level":"info","message":"Posts com sucesso","service":"user-service"}
{"level":"info","message":"Posts com sucesso","service":"user-service"}
{"level":"info","message":"Posts com sucesso","service":"user-service"}
{"level":"info","message":"Posts com sucesso","service":"user-service"}
{"level":"info","message":"Posts com sucesso","service":"user-service"}
{"level":"info","message":"Posts com sucesso","service":"user-service"}
{"level":"info","message":"Posts com sucesso","service":"user-service"}
{"level":"info","message":"Posts com sucesso","service":"user-service"}
{"level":"info","message":"Posts com sucesso","service":"user-service"}
{"level":"info","message":"Posts com sucesso","service":"user-service"}
{"level":"info","message":"Posts com sucesso","service":"user-service"}
{"level":"info","message":"Posts com sucesso","service":"user-service"}
{"level":"info","message":"Posts com sucesso","service":"user-service"}
{"level":"info","message":"Posts com sucesso","service":"user-service"}
{"level":"info","message":"Posts com sucesso","service":"user-service"}
{"level":"info","message":"Posts com sucesso","service":"user-service"}
{"level":"info","message":"Posts com sucesso","service":"user-service"}
{"level":"info","message":"Posts com sucesso","service":"user-service"}
{"level":"info","message":"Posts com sucesso","service":"user-service"}
{"level":"info","message":"Posts com sucesso","service":"user-service"}
{"level":"info","message":"Posts com sucesso","service":"user-service"}
{"level":"info","message":"Posts com sucesso","service":"user-service"}
{"level":"info","message":"Posts com sucesso","service":"user-service"}
{"level":"info","message":"Posts com sucesso","service":"user-service"}
{"level":"info","message":"Posts com sucesso","service":"user-service"}
{"level":"info","message":"Posts com sucesso","service":"user-service"}
{"level":"info","message":"Posts com sucesso","service":"user-service"}
{"level":"info","message":"Posts com sucesso","service":"user-service"}
{"level":"info","message":"Posts com sucesso","service":"user-service"}
{"level":"info","message":"Posts com sucesso","service":"user-service"}
{"level":"info","message":"Posts com sucesso","service":"user-service"}
{"level":"info","message":"Posts com sucesso","service":"user-service"}
{"level":"info","message":"Posts com sucesso","service":"user-service"}
{"level":"info","message":"Posts com sucesso","service":"user-service"}
{"level":"info","message":"Posts com sucesso","service":"user-service"}
{"level":"info","message":"Posts com sucesso","service":"user-service"}
{"level":"info","message":"Posts com sucesso","service":"user-service"}
{"level":"info","message":"Posts com sucesso","service":"user-service"}
{"level":"info","message":"Posts com sucesso","service":"user-service"}
{"level":"info","message":"Posts com sucesso","service":"user-service"}
{"level":"info","message":"Posts com sucesso","service":"user-service"}
{"level":"info","message":"Posts com sucesso","service":"user-service"}
{"level":"info","message":"Posts com sucesso","service":"user-service"}
{"level":"info","message":"Posts com sucesso","service":"user-service"}
{"level":"info","message":"Posts com sucesso","service":"user-service"}
{"level":"info","message":"Post by slug com sucesso","service":"user-service"}
{"level":"info","message":"Post by slug com sucesso","service":"user-service"}
{"level":"info","message":"Posts com sucesso","service":"user-service"}
{"level":"info","message":"Post by slug com sucesso","service":"user-service"}
{"level":"info","message":"Post by slug com sucesso","service":"user-service"}
{"level":"info","message":"Post by slug com sucesso","service":"user-service"}
{"level":"info","message":"Post by slug com sucesso","service":"user-service"}
{"level":"info","message":"Post by slug com sucesso","service":"user-service"}
{"level":"info","message":"Post by slug com sucesso","service":"user-service"}
{"level":"info","message":"Posts com sucesso","service":"user-service"}
{"level":"info","message":"Post by slug com sucesso","service":"user-service"}
{"level":"info","message":"Post by slug com sucesso","service":"user-service"}
{"level":"info","message":"Post by slug com sucesso","service":"user-service"}
{"level":"info","message":"Post by slug com sucesso","service":"user-service"}
{"level":"info","message":"Post by slug com sucesso","service":"user-service"}
{"level":"info","message":"Post by slug com sucesso","service":"user-service"}
{"level":"info","message":"Posts com sucesso","service":"user-service"}
{"level":"info","message":"Post by slug com sucesso","service":"user-service"}
{"level":"info","message":"Post by slug com sucesso","service":"user-service"}
{"level":"info","message":"Post by slug com sucesso","service":"user-service"}
{"level":"info","message":"Post by slug com sucesso","service":"user-service"}
{"level":"info","message":"Post by slug com sucesso","service":"user-service"}
{"level":"info","message":"Post by slug com sucesso","service":"user-service"}
{"level":"info","message":"Posts com sucesso","service":"user-service"}
{"level":"info","message":"Post by slug com sucesso","service":"user-service"}
{"level":"info","message":"Post by slug com sucesso","service":"user-service"}
{"level":"info","message":"Posts com sucesso","service":"user-service"}
{"level":"info","message":"Post by slug com sucesso","service":"user-service"}
{"level":"info","message":"Posts com sucesso","service":"user-service"}
{"level":"info","message":"Post by slug com sucesso","service":"user-service"}
{"level":"info","message":"Post by slug com sucesso","service":"user-service"}
{"level":"info","message":"Post by slug com sucesso","service":"user-service"}
{"level":"info","message":"Posts com sucesso","service":"user-service"}
{"level":"info","message":"Posts com sucesso","service":"user-service"}
{"level":"info","message":"Posts com sucesso","service":"user-service"}
{"level":"info","message":"Posts com sucesso","service":"user-service"}
{"level":"info","message":"Post by slug com sucesso","service":"user-service"}
{"level":"info","message":"Post by slug com sucesso","service":"user-service"}
{"level":"info","message":"Posts com sucesso","service":"user-service"}
{"level":"info","message":"Posts com sucesso","service":"user-service"}
{"level":"info","message":"Posts com sucesso","service":"user-service"}
{"level":"info","message":"Posts com sucesso","service":"user-service"}
{"level":"info","message":"Post by slug com sucesso","service":"user-service"}
{"level":"info","message":"Posts com sucesso","service":"user-service"}
{"level":"info","message":"Post by slug com sucesso","service":"user-service"}
{"level":"info","message":"Posts com sucesso","service":"user-service"}
{"level":"info","message":"Posts com sucesso","service":"user-service"}
{"level":"info","message":"Post by slug com sucesso","service":"user-service"}
{"level":"info","message":"Post by slug com sucesso","service":"user-service"}
{"level":"info","message":"Post by slug com sucesso","service":"user-service"}
{"level":"info","message":"Post by slug com sucesso","service":"user-service"}
{"level":"info","message":"Posts com sucesso","service":"user-service"}
{"level":"info","message":"Posts com sucesso","service":"user-service"}
{"level":"info","message":"Posts com sucesso","service":"user-service"}
{"level":"info","message":"Posts com sucesso","service":"user-service"}
{"level":"info","message":"Posts com sucesso","service":"user-service"}
{"level":"info","message":"Posts com sucesso","service":"user-service"}
{"level":"info","message":"Posts com sucesso","service":"user-service"}
{"level":"info","message":"Posts com sucesso","service":"user-service"}
{"error":{"clientVersion":"5.11.0","code":"P2021","meta":{"modelName":"Post","table":"public.Post"},"name":"PrismaClientKnownRequestError"},"level":"error","message":"Falha ao obter posts","service":"user-service"}
{"error":{"clientVersion":"5.11.0","code":"P2021","meta":{"modelName":"Post","table":"public.Post"},"name":"PrismaClientKnownRequestError"},"level":"error","message":"Falha ao obter posts","service":"user-service"}
{"error":{"clientVersion":"5.11.0","code":"P2021","meta":{"modelName":"Post","table":"public.Post"},"name":"PrismaClientKnownRequestError"},"level":"error","message":"Falha ao obter posts","service":"user-service"}
{"error":{"clientVersion":"5.11.0","code":"P2021","meta":{"modelName":"Post","table":"public.Post"},"name":"PrismaClientKnownRequestError"},"level":"error","message":"Falha ao obter posts","service":"user-service"}
{"error":{"clientVersion":"5.11.0","code":"P2021","meta":{"modelName":"Post","table":"public.Post"},"name":"PrismaClientKnownRequestError"},"level":"error","message":"Falha ao obter posts","service":"user-service"}
{"error":{},"level":"error","message":"Fala ao obter o post com slug: ","service":"user-service","slug":"construindo-spa-com-vuejsddddddd"}
{"error":{"clientVersion":"5.11.0","name":"PrismaClientInitializationError"},"level":"error","message":"Falha ao obter posts","service":"user-service"}
